<?xml version="1.0" encoding="UTF-8"?>
<!-- Generated by org.testng.reporters.JUnitReportReporter -->
<testsuite hostname="DESKTOP-HI11D0F" name="com.framework.scripts.LoginTest" tests="1" failures="0" timestamp="8 Jan 2018 10:36:50 GMT" time="16.401" errors="0">
  <testcase name="validLoginTest" time="16.401" classname="com.framework.scripts.LoginTest"/>
</testsuite> <!-- com.framework.scripts.LoginTest -->
